Line 75: Class SHDocVwCtl.WebBrowser of control webNavegador was not a loaded control class.
Line 139: Class SHDocVwCtl.WebBrowser of control WebNavegadorTermo was not a loaded control class.
Line 81: The property name ExtentX in webNavegador is invalid.
Line 82: The property name ExtentY in webNavegador is invalid.
Line 83: The property name ViewMode in webNavegador is invalid.
Line 84: The property name Offline in webNavegador is invalid.
Line 85: The property name Silent in webNavegador is invalid.
Line 86: The property name RegisterAsBrowser in webNavegador is invalid.
Line 87: The property name RegisterAsDropTarget in webNavegador is invalid.
Line 88: The property name AutoArrange in webNavegador is invalid.
Line 89: The property name NoClientEdge in webNavegador is invalid.
Line 90: The property name AlignLeft in webNavegador is invalid.
Line 91: The property name NoWebView in webNavegador is invalid.
Line 92: The property name HideFileNames in webNavegador is invalid.
Line 93: The property name SingleClick in webNavegador is invalid.
Line 94: The property name SingleSelection in webNavegador is invalid.
Line 95: The property name NoFolders in webNavegador is invalid.
Line 96: The property name Transparent in webNavegador is invalid.
Line 97: The property name ViewID in webNavegador is invalid.
Line 98: The property name Location in webNavegador is invalid.
Line 145: The property name ExtentX in WebNavegadorTermo is invalid.
Line 146: The property name ExtentY in WebNavegadorTermo is invalid.
Line 147: The property name ViewMode in WebNavegadorTermo is invalid.
Line 148: The property name Offline in WebNavegadorTermo is invalid.
Line 149: The property name Silent in WebNavegadorTermo is invalid.
Line 150: The property name RegisterAsBrowser in WebNavegadorTermo is invalid.
Line 151: The property name RegisterAsDropTarget in WebNavegadorTermo is invalid.
Line 152: The property name AutoArrange in WebNavegadorTermo is invalid.
Line 153: The property name NoClientEdge in WebNavegadorTermo is invalid.
Line 154: The property name AlignLeft in WebNavegadorTermo is invalid.
Line 155: The property name NoWebView in WebNavegadorTermo is invalid.
Line 156: The property name HideFileNames in WebNavegadorTermo is invalid.
Line 157: The property name SingleClick in WebNavegadorTermo is invalid.
Line 158: The property name SingleSelection in WebNavegadorTermo is invalid.
Line 159: The property name NoFolders in WebNavegadorTermo is invalid.
Line 160: The property name Transparent in WebNavegadorTermo is invalid.
Line 161: The property name ViewID in WebNavegadorTermo is invalid.
Line 162: The property name Location in WebNavegadorTermo is invalid.
