Line 210: Class Balcao2010.chameleonButton of control cmdProtocolo was not a loaded control class.
Line 248: Class Balcao2010.chameleonButton of control cmdLoja was not a loaded control class.
Line 286: Class Balcao2010.chameleonButton of control cmdNroCaixa was not a loaded control class.
Line 324: Class Balcao2010.chameleonButton of control cmdOperador was not a loaded control class.
Line 362: Class Balcao2010.chameleonButton of control cmdReRomaneio was not a loaded control class.
Line 401: Class Balcao2010.chameleonButton of control cmdReimprimeNF was not a loaded control class.
Line 441: Class Balcao2010.chameleonButton of control cmdBotoesParte2 was not a loaded control class.
Line 481: Class Balcao2010.chameleonButton of control cmdBotoesParte2 was not a loaded control class.
Line 527: Class Balcao2010.chameleonButton of control cmdBotoesParte2 was not a loaded control class.
Line 567: Class Balcao2010.chameleonButton of control cmdBotoesParte2 was not a loaded control class.
Line 607: Class Balcao2010.chameleonButton of control cmdVersao was not a loaded control class.
Line 646: Class Balcao2010.chameleonButton of control cmdBotoesParte2 was not a loaded control class.
Line 686: Class Balcao2010.chameleonButton of control cmdBotoesParte2 was not a loaded control class.
Line 726: Class Balcao2010.chameleonButton of control cmdBotoesParte2 was not a loaded control class.
Line 767: Class Balcao2010.chameleonButton of control cmdBotoesParte2 was not a loaded control class.
Line 808: Class Balcao2010.chameleonButton of control cmdBotoesParte2 was not a loaded control class.
Line 850: Class Balcao2010.chameleonButton of control cmdBotoesParte2 was not a loaded control class.
Line 216: The property name _ExtentX in cmdProtocolo is invalid.
Line 217: The property name _ExtentY in cmdProtocolo is invalid.
Line 218: The property name BTYPE in cmdProtocolo is invalid.
Line 219: The property name TX in cmdProtocolo is invalid.
Line 220: The property name ENAB in cmdProtocolo is invalid.
Line 230: The property name COLTYPE in cmdProtocolo is invalid.
Line 231: The property name FOCUSR in cmdProtocolo is invalid.
Line 232: The property name BCOL in cmdProtocolo is invalid.
Line 233: The property name BCOLO in cmdProtocolo is invalid.
Line 234: The property name FCOL in cmdProtocolo is invalid.
Line 235: The property name FCOLO in cmdProtocolo is invalid.
Line 236: The property name MCOL in cmdProtocolo is invalid.
Line 237: The property name MPTR in cmdProtocolo is invalid.
Line 238: The property name MICON in cmdProtocolo is invalid.
Line 239: The property name UMCOL in cmdProtocolo is invalid.
Line 240: The property name SOFT in cmdProtocolo is invalid.
Line 241: The property name PICPOS in cmdProtocolo is invalid.
Line 242: The property name NGREY in cmdProtocolo is invalid.
Line 243: The property name FX in cmdProtocolo is invalid.
Line 244: The property name HAND in cmdProtocolo is invalid.
Line 245: The property name CHECK in cmdProtocolo is invalid.
Line 246: The property name VALUE in cmdProtocolo is invalid.
Line 254: The property name _ExtentX in cmdLoja is invalid.
Line 255: The property name _ExtentY in cmdLoja is invalid.
Line 256: The property name BTYPE in cmdLoja is invalid.
Line 257: The property name TX in cmdLoja is invalid.
Line 258: The property name ENAB in cmdLoja is invalid.
Line 268: The property name COLTYPE in cmdLoja is invalid.
Line 269: The property name FOCUSR in cmdLoja is invalid.
Line 270: The property name BCOL in cmdLoja is invalid.
Line 271: The property name BCOLO in cmdLoja is invalid.
Line 272: The property name FCOL in cmdLoja is invalid.
Line 273: The property name FCOLO in cmdLoja is invalid.
Line 274: The property name MCOL in cmdLoja is invalid.
Line 275: The property name MPTR in cmdLoja is invalid.
Line 276: The property name MICON in cmdLoja is invalid.
Line 277: The property name UMCOL in cmdLoja is invalid.
Line 278: The property name SOFT in cmdLoja is invalid.
Line 279: The property name PICPOS in cmdLoja is invalid.
Line 280: The property name NGREY in cmdLoja is invalid.
Line 281: The property name FX in cmdLoja is invalid.
Line 282: The property name HAND in cmdLoja is invalid.
Line 283: The property name CHECK in cmdLoja is invalid.
Line 284: The property name VALUE in cmdLoja is invalid.
Line 292: The property name _ExtentX in cmdNroCaixa is invalid.
Line 293: The property name _ExtentY in cmdNroCaixa is invalid.
Line 294: The property name BTYPE in cmdNroCaixa is invalid.
Line 295: The property name TX in cmdNroCaixa is invalid.
Line 296: The property name ENAB in cmdNroCaixa is invalid.
Line 306: The property name COLTYPE in cmdNroCaixa is invalid.
Line 307: The property name FOCUSR in cmdNroCaixa is invalid.
Line 308: The property name BCOL in cmdNroCaixa is invalid.
Line 309: The property name BCOLO in cmdNroCaixa is invalid.
Line 310: The property name FCOL in cmdNroCaixa is invalid.
Line 311: The property name FCOLO in cmdNroCaixa is invalid.
Line 312: The property name MCOL in cmdNroCaixa is invalid.
Line 313: The property name MPTR in cmdNroCaixa is invalid.
Line 314: The property name MICON in cmdNroCaixa is invalid.
Line 315: The property name UMCOL in cmdNroCaixa is invalid.
Line 316: The property name SOFT in cmdNroCaixa is invalid.
Line 317: The property name PICPOS in cmdNroCaixa is invalid.
Line 318: The property name NGREY in cmdNroCaixa is invalid.
Line 319: The property name FX in cmdNroCaixa is invalid.
Line 320: The property name HAND in cmdNroCaixa is invalid.
Line 321: The property name CHECK in cmdNroCaixa is invalid.
Line 322: The property name VALUE in cmdNroCaixa is invalid.
Line 330: The property name _ExtentX in cmdOperador is invalid.
Line 331: The property name _ExtentY in cmdOperador is invalid.
Line 332: The property name BTYPE in cmdOperador is invalid.
Line 333: The property name TX in cmdOperador is invalid.
Line 334: The property name ENAB in cmdOperador is invalid.
Line 344: The property name COLTYPE in cmdOperador is invalid.
Line 345: The property name FOCUSR in cmdOperador is invalid.
Line 346: The property name BCOL in cmdOperador is invalid.
Line 347: The property name BCOLO in cmdOperador is invalid.
Line 348: The property name FCOL in cmdOperador is invalid.
Line 349: The property name FCOLO in cmdOperador is invalid.
Line 350: The property name MCOL in cmdOperador is invalid.
Line 351: The property name MPTR in cmdOperador is invalid.
Line 352: The property name MICON in cmdOperador is invalid.
Line 353: The property name UMCOL in cmdOperador is invalid.
Line 354: The property name SOFT in cmdOperador is invalid.
Line 355: The property name PICPOS in cmdOperador is invalid.
Line 356: The property name NGREY in cmdOperador is invalid.
Line 357: The property name FX in cmdOperador is invalid.
Line 358: The property name HAND in cmdOperador is invalid.
Line 359: The property name CHECK in cmdOperador is invalid.
Line 360: The property name VALUE in cmdOperador is invalid.
Line 369: The property name _ExtentX in cmdReRomaneio is invalid.
Line 370: The property name _ExtentY in cmdReRomaneio is invalid.
Line 371: The property name BTYPE in cmdReRomaneio is invalid.
Line 372: The property name TX in cmdReRomaneio is invalid.
Line 373: The property name ENAB in cmdReRomaneio is invalid.
Line 383: The property name COLTYPE in cmdReRomaneio is invalid.
Line 384: The property name FOCUSR in cmdReRomaneio is invalid.
Line 385: The property name BCOL in cmdReRomaneio is invalid.
Line 386: The property name BCOLO in cmdReRomaneio is invalid.
Line 387: The property name FCOL in cmdReRomaneio is invalid.
Line 388: The property name FCOLO in cmdReRomaneio is invalid.
Line 389: The property name MCOL in cmdReRomaneio is invalid.
Line 390: The property name MPTR in cmdReRomaneio is invalid.
Line 391: The property name MICON in cmdReRomaneio is invalid.
Line 392: The property name UMCOL in cmdReRomaneio is invalid.
Line 393: The property name SOFT in cmdReRomaneio is invalid.
Line 394: The property name PICPOS in cmdReRomaneio is invalid.
Line 395: The property name NGREY in cmdReRomaneio is invalid.
Line 396: The property name FX in cmdReRomaneio is invalid.
Line 397: The property name HAND in cmdReRomaneio is invalid.
Line 398: The property name CHECK in cmdReRomaneio is invalid.
Line 399: The property name VALUE in cmdReRomaneio is invalid.
Line 408: The property name _ExtentX in cmdReimprimeNF is invalid.
Line 409: The property name _ExtentY in cmdReimprimeNF is invalid.
Line 410: The property name BTYPE in cmdReimprimeNF is invalid.
Line 411: The property name TX in cmdReimprimeNF is invalid.
Line 412: The property name ENAB in cmdReimprimeNF is invalid.
Line 422: The property name COLTYPE in cmdReimprimeNF is invalid.
Line 423: The property name FOCUSR in cmdReimprimeNF is invalid.
Line 424: The property name BCOL in cmdReimprimeNF is invalid.
Line 425: The property name BCOLO in cmdReimprimeNF is invalid.
Line 426: The property name FCOL in cmdReimprimeNF is invalid.
Line 427: The property name FCOLO in cmdReimprimeNF is invalid.
Line 428: The property name MCOL in cmdReimprimeNF is invalid.
Line 429: The property name MPTR in cmdReimprimeNF is invalid.
Line 430: The property name MICON in cmdReimprimeNF is invalid.
Line 431: The property name PICN in cmdReimprimeNF is invalid.
Line 432: The property name UMCOL in cmdReimprimeNF is invalid.
Line 433: The property name SOFT in cmdReimprimeNF is invalid.
Line 434: The property name PICPOS in cmdReimprimeNF is invalid.
Line 435: The property name NGREY in cmdReimprimeNF is invalid.
Line 436: The property name FX in cmdReimprimeNF is invalid.
Line 437: The property name HAND in cmdReimprimeNF is invalid.
Line 438: The property name CHECK in cmdReimprimeNF is invalid.
Line 439: The property name VALUE in cmdReimprimeNF is invalid.
Line 448: The property name _ExtentX in cmdBotoesParte2 is invalid.
Line 449: The property name _ExtentY in cmdBotoesParte2 is invalid.
Line 450: The property name BTYPE in cmdBotoesParte2 is invalid.
Line 451: The property name TX in cmdBotoesParte2 is invalid.
Line 452: The property name ENAB in cmdBotoesParte2 is invalid.
Line 462: The property name COLTYPE in cmdBotoesParte2 is invalid.
Line 463: The property name FOCUSR in cmdBotoesParte2 is invalid.
Line 464: The property name BCOL in cmdBotoesParte2 is invalid.
Line 465: The property name BCOLO in cmdBotoesParte2 is invalid.
Line 466: The property name FCOL in cmdBotoesParte2 is invalid.
Line 467: The property name FCOLO in cmdBotoesParte2 is invalid.
Line 468: The property name MCOL in cmdBotoesParte2 is invalid.
Line 469: The property name MPTR in cmdBotoesParte2 is invalid.
Line 470: The property name MICON in cmdBotoesParte2 is invalid.
Line 471: The property name PICN in cmdBotoesParte2 is invalid.
Line 472: The property name UMCOL in cmdBotoesParte2 is invalid.
Line 473: The property name SOFT in cmdBotoesParte2 is invalid.
Line 474: The property name PICPOS in cmdBotoesParte2 is invalid.
Line 475: The property name NGREY in cmdBotoesParte2 is invalid.
Line 476: The property name FX in cmdBotoesParte2 is invalid.
Line 477: The property name HAND in cmdBotoesParte2 is invalid.
Line 478: The property name CHECK in cmdBotoesParte2 is invalid.
Line 479: The property name VALUE in cmdBotoesParte2 is invalid.
Line 489: The property name _ExtentX in cmdBotoesParte2 is invalid.
Line 490: The property name _ExtentY in cmdBotoesParte2 is invalid.
Line 491: The property name BTYPE in cmdBotoesParte2 is invalid.
Line 492: The property name TX in cmdBotoesParte2 is invalid.
Line 493: The property name ENAB in cmdBotoesParte2 is invalid.
Line 503: The property name COLTYPE in cmdBotoesParte2 is invalid.
Line 504: The property name FOCUSR in cmdBotoesParte2 is invalid.
Line 505: The property name BCOL in cmdBotoesParte2 is invalid.
Line 506: The property name BCOLO in cmdBotoesParte2 is invalid.
Line 507: The property name FCOL in cmdBotoesParte2 is invalid.
Line 508: The property name FCOLO in cmdBotoesParte2 is invalid.
Line 509: The property name MCOL in cmdBotoesParte2 is invalid.
Line 510: The property name MPTR in cmdBotoesParte2 is invalid.
Line 511: The property name MICON in cmdBotoesParte2 is invalid.
Line 512: The property name PICN in cmdBotoesParte2 is invalid.
Line 513: The property name UMCOL in cmdBotoesParte2 is invalid.
Line 514: The property name SOFT in cmdBotoesParte2 is invalid.
Line 515: The property name PICPOS in cmdBotoesParte2 is invalid.
Line 516: The property name NGREY in cmdBotoesParte2 is invalid.
Line 517: The property name FX in cmdBotoesParte2 is invalid.
Line 518: The property name HAND in cmdBotoesParte2 is invalid.
Line 519: The property name CHECK in cmdBotoesParte2 is invalid.
Line 520: The property name VALUE in cmdBotoesParte2 is invalid.
Line 534: The property name _ExtentX in cmdBotoesParte2 is invalid.
Line 535: The property name _ExtentY in cmdBotoesParte2 is invalid.
Line 536: The property name BTYPE in cmdBotoesParte2 is invalid.
Line 537: The property name TX in cmdBotoesParte2 is invalid.
Line 538: The property name ENAB in cmdBotoesParte2 is invalid.
Line 548: The property name COLTYPE in cmdBotoesParte2 is invalid.
Line 549: The property name FOCUSR in cmdBotoesParte2 is invalid.
Line 550: The property name BCOL in cmdBotoesParte2 is invalid.
Line 551: The property name BCOLO in cmdBotoesParte2 is invalid.
Line 552: The property name FCOL in cmdBotoesParte2 is invalid.
Line 553: The property name FCOLO in cmdBotoesParte2 is invalid.
Line 554: The property name MCOL in cmdBotoesParte2 is invalid.
Line 555: The property name MPTR in cmdBotoesParte2 is invalid.
Line 556: The property name MICON in cmdBotoesParte2 is invalid.
Line 557: The property name PICN in cmdBotoesParte2 is invalid.
Line 558: The property name UMCOL in cmdBotoesParte2 is invalid.
Line 559: The property name SOFT in cmdBotoesParte2 is invalid.
Line 560: The property name PICPOS in cmdBotoesParte2 is invalid.
Line 561: The property name NGREY in cmdBotoesParte2 is invalid.
Line 562: The property name FX in cmdBotoesParte2 is invalid.
Line 563: The property name HAND in cmdBotoesParte2 is invalid.
Line 564: The property name CHECK in cmdBotoesParte2 is invalid.
Line 565: The property name VALUE in cmdBotoesParte2 is invalid.
Line 574: The property name _ExtentX in cmdBotoesParte2 is invalid.
Line 575: The property name _ExtentY in cmdBotoesParte2 is invalid.
Line 576: The property name BTYPE in cmdBotoesParte2 is invalid.
Line 577: The property name TX in cmdBotoesParte2 is invalid.
Line 578: The property name ENAB in cmdBotoesParte2 is invalid.
Line 588: The property name COLTYPE in cmdBotoesParte2 is invalid.
Line 589: The property name FOCUSR in cmdBotoesParte2 is invalid.
Line 590: The property name BCOL in cmdBotoesParte2 is invalid.
Line 591: The property name BCOLO in cmdBotoesParte2 is invalid.
Line 592: The property name FCOL in cmdBotoesParte2 is invalid.
Line 593: The property name FCOLO in cmdBotoesParte2 is invalid.
Line 594: The property name MCOL in cmdBotoesParte2 is invalid.
Line 595: The property name MPTR in cmdBotoesParte2 is invalid.
Line 596: The property name MICON in cmdBotoesParte2 is invalid.
Line 597: The property name PICN in cmdBotoesParte2 is invalid.
Line 598: The property name UMCOL in cmdBotoesParte2 is invalid.
Line 599: The property name SOFT in cmdBotoesParte2 is invalid.
Line 600: The property name PICPOS in cmdBotoesParte2 is invalid.
Line 601: The property name NGREY in cmdBotoesParte2 is invalid.
Line 602: The property name FX in cmdBotoesParte2 is invalid.
Line 603: The property name HAND in cmdBotoesParte2 is invalid.
Line 604: The property name CHECK in cmdBotoesParte2 is invalid.
Line 605: The property name VALUE in cmdBotoesParte2 is invalid.
Line 613: The property name _ExtentX in cmdVersao is invalid.
Line 614: The property name _ExtentY in cmdVersao is invalid.
Line 615: The property name BTYPE in cmdVersao is invalid.
Line 616: The property name TX in cmdVersao is invalid.
Line 617: The property name ENAB in cmdVersao is invalid.
Line 627: The property name COLTYPE in cmdVersao is invalid.
Line 628: The property name FOCUSR in cmdVersao is invalid.
Line 629: The property name BCOL in cmdVersao is invalid.
Line 630: The property name BCOLO in cmdVersao is invalid.
Line 631: The property name FCOL in cmdVersao is invalid.
Line 632: The property name FCOLO in cmdVersao is invalid.
Line 633: The property name MCOL in cmdVersao is invalid.
Line 634: The property name MPTR in cmdVersao is invalid.
Line 635: The property name MICON in cmdVersao is invalid.
Line 636: The property name PICN in cmdVersao is invalid.
Line 637: The property name UMCOL in cmdVersao is invalid.
Line 638: The property name SOFT in cmdVersao is invalid.
Line 639: The property name PICPOS in cmdVersao is invalid.
Line 640: The property name NGREY in cmdVersao is invalid.
Line 641: The property name FX in cmdVersao is invalid.
Line 642: The property name HAND in cmdVersao is invalid.
Line 643: The property name CHECK in cmdVersao is invalid.
Line 644: The property name VALUE in cmdVersao is invalid.
Line 653: The property name _ExtentX in cmdBotoesParte2 is invalid.
Line 654: The property name _ExtentY in cmdBotoesParte2 is invalid.
Line 655: The property name BTYPE in cmdBotoesParte2 is invalid.
Line 656: The property name TX in cmdBotoesParte2 is invalid.
Line 657: The property name ENAB in cmdBotoesParte2 is invalid.
Line 667: The property name COLTYPE in cmdBotoesParte2 is invalid.
Line 668: The property name FOCUSR in cmdBotoesParte2 is invalid.
Line 669: The property name BCOL in cmdBotoesParte2 is invalid.
Line 670: The property name BCOLO in cmdBotoesParte2 is invalid.
Line 671: The property name FCOL in cmdBotoesParte2 is invalid.
Line 672: The property name FCOLO in cmdBotoesParte2 is invalid.
Line 673: The property name MCOL in cmdBotoesParte2 is invalid.
Line 674: The property name MPTR in cmdBotoesParte2 is invalid.
Line 675: The property name MICON in cmdBotoesParte2 is invalid.
Line 676: The property name PICN in cmdBotoesParte2 is invalid.
Line 677: The property name UMCOL in cmdBotoesParte2 is invalid.
Line 678: The property name SOFT in cmdBotoesParte2 is invalid.
Line 679: The property name PICPOS in cmdBotoesParte2 is invalid.
Line 680: The property name NGREY in cmdBotoesParte2 is invalid.
Line 681: The property name FX in cmdBotoesParte2 is invalid.
Line 682: The property name HAND in cmdBotoesParte2 is invalid.
Line 683: The property name CHECK in cmdBotoesParte2 is invalid.
Line 684: The property name VALUE in cmdBotoesParte2 is invalid.
Line 693: The property name _ExtentX in cmdBotoesParte2 is invalid.
Line 694: The property name _ExtentY in cmdBotoesParte2 is invalid.
Line 695: The property name BTYPE in cmdBotoesParte2 is invalid.
Line 696: The property name TX in cmdBotoesParte2 is invalid.
Line 697: The property name ENAB in cmdBotoesParte2 is invalid.
Line 707: The property name COLTYPE in cmdBotoesParte2 is invalid.
Line 708: The property name FOCUSR in cmdBotoesParte2 is invalid.
Line 709: The property name BCOL in cmdBotoesParte2 is invalid.
Line 710: The property name BCOLO in cmdBotoesParte2 is invalid.
Line 711: The property name FCOL in cmdBotoesParte2 is invalid.
Line 712: The property name FCOLO in cmdBotoesParte2 is invalid.
Line 713: The property name MCOL in cmdBotoesParte2 is invalid.
Line 714: The property name MPTR in cmdBotoesParte2 is invalid.
Line 715: The property name MICON in cmdBotoesParte2 is invalid.
Line 716: The property name PICN in cmdBotoesParte2 is invalid.
Line 717: The property name UMCOL in cmdBotoesParte2 is invalid.
Line 718: The property name SOFT in cmdBotoesParte2 is invalid.
Line 719: The property name PICPOS in cmdBotoesParte2 is invalid.
Line 720: The property name NGREY in cmdBotoesParte2 is invalid.
Line 721: The property name FX in cmdBotoesParte2 is invalid.
Line 722: The property name HAND in cmdBotoesParte2 is invalid.
Line 723: The property name CHECK in cmdBotoesParte2 is invalid.
Line 724: The property name VALUE in cmdBotoesParte2 is invalid.
Line 734: The property name _ExtentX in cmdBotoesParte2 is invalid.
Line 735: The property name _ExtentY in cmdBotoesParte2 is invalid.
Line 736: The property name BTYPE in cmdBotoesParte2 is invalid.
Line 737: The property name TX in cmdBotoesParte2 is invalid.
Line 738: The property name ENAB in cmdBotoesParte2 is invalid.
Line 748: The property name COLTYPE in cmdBotoesParte2 is invalid.
Line 749: The property name FOCUSR in cmdBotoesParte2 is invalid.
Line 750: The property name BCOL in cmdBotoesParte2 is invalid.
Line 751: The property name BCOLO in cmdBotoesParte2 is invalid.
Line 752: The property name FCOL in cmdBotoesParte2 is invalid.
Line 753: The property name FCOLO in cmdBotoesParte2 is invalid.
Line 754: The property name MCOL in cmdBotoesParte2 is invalid.
Line 755: The property name MPTR in cmdBotoesParte2 is invalid.
Line 756: The property name MICON in cmdBotoesParte2 is invalid.
Line 757: The property name PICN in cmdBotoesParte2 is invalid.
Line 758: The property name UMCOL in cmdBotoesParte2 is invalid.
Line 759: The property name SOFT in cmdBotoesParte2 is invalid.
Line 760: The property name PICPOS in cmdBotoesParte2 is invalid.
Line 761: The property name NGREY in cmdBotoesParte2 is invalid.
Line 762: The property name FX in cmdBotoesParte2 is invalid.
Line 763: The property name HAND in cmdBotoesParte2 is invalid.
Line 764: The property name CHECK in cmdBotoesParte2 is invalid.
Line 765: The property name VALUE in cmdBotoesParte2 is invalid.
Line 775: The property name _ExtentX in cmdBotoesParte2 is invalid.
Line 776: The property name _ExtentY in cmdBotoesParte2 is invalid.
Line 777: The property name BTYPE in cmdBotoesParte2 is invalid.
Line 778: The property name TX in cmdBotoesParte2 is invalid.
Line 779: The property name ENAB in cmdBotoesParte2 is invalid.
Line 789: The property name COLTYPE in cmdBotoesParte2 is invalid.
Line 790: The property name FOCUSR in cmdBotoesParte2 is invalid.
Line 791: The property name BCOL in cmdBotoesParte2 is invalid.
Line 792: The property name BCOLO in cmdBotoesParte2 is invalid.
Line 793: The property name FCOL in cmdBotoesParte2 is invalid.
Line 794: The property name FCOLO in cmdBotoesParte2 is invalid.
Line 795: The property name MCOL in cmdBotoesParte2 is invalid.
Line 796: The property name MPTR in cmdBotoesParte2 is invalid.
Line 797: The property name MICON in cmdBotoesParte2 is invalid.
Line 798: The property name PICN in cmdBotoesParte2 is invalid.
Line 799: The property name UMCOL in cmdBotoesParte2 is invalid.
Line 800: The property name SOFT in cmdBotoesParte2 is invalid.
Line 801: The property name PICPOS in cmdBotoesParte2 is invalid.
Line 802: The property name NGREY in cmdBotoesParte2 is invalid.
Line 803: The property name FX in cmdBotoesParte2 is invalid.
Line 804: The property name HAND in cmdBotoesParte2 is invalid.
Line 805: The property name CHECK in cmdBotoesParte2 is invalid.
Line 806: The property name VALUE in cmdBotoesParte2 is invalid.
Line 817: The property name _ExtentX in cmdBotoesParte2 is invalid.
Line 818: The property name _ExtentY in cmdBotoesParte2 is invalid.
Line 819: The property name BTYPE in cmdBotoesParte2 is invalid.
Line 820: The property name TX in cmdBotoesParte2 is invalid.
Line 821: The property name ENAB in cmdBotoesParte2 is invalid.
Line 831: The property name COLTYPE in cmdBotoesParte2 is invalid.
Line 832: The property name FOCUSR in cmdBotoesParte2 is invalid.
Line 833: The property name BCOL in cmdBotoesParte2 is invalid.
Line 834: The property name BCOLO in cmdBotoesParte2 is invalid.
Line 835: The property name FCOL in cmdBotoesParte2 is invalid.
Line 836: The property name FCOLO in cmdBotoesParte2 is invalid.
Line 837: The property name MCOL in cmdBotoesParte2 is invalid.
Line 838: The property name MPTR in cmdBotoesParte2 is invalid.
Line 839: The property name MICON in cmdBotoesParte2 is invalid.
Line 840: The property name PICN in cmdBotoesParte2 is invalid.
Line 841: The property name UMCOL in cmdBotoesParte2 is invalid.
Line 842: The property name SOFT in cmdBotoesParte2 is invalid.
Line 843: The property name PICPOS in cmdBotoesParte2 is invalid.
Line 844: The property name NGREY in cmdBotoesParte2 is invalid.
Line 845: The property name FX in cmdBotoesParte2 is invalid.
Line 846: The property name HAND in cmdBotoesParte2 is invalid.
Line 847: The property name CHECK in cmdBotoesParte2 is invalid.
Line 848: The property name VALUE in cmdBotoesParte2 is invalid.
Line 859: The property name _ExtentX in cmdBotoesParte2 is invalid.
Line 860: The property name _ExtentY in cmdBotoesParte2 is invalid.
Line 861: The property name BTYPE in cmdBotoesParte2 is invalid.
Line 862: The property name TX in cmdBotoesParte2 is invalid.
Line 863: The property name ENAB in cmdBotoesParte2 is invalid.
Line 873: The property name COLTYPE in cmdBotoesParte2 is invalid.
Line 874: The property name FOCUSR in cmdBotoesParte2 is invalid.
Line 875: The property name BCOL in cmdBotoesParte2 is invalid.
Line 876: The property name BCOLO in cmdBotoesParte2 is invalid.
Line 877: The property name FCOL in cmdBotoesParte2 is invalid.
Line 878: The property name FCOLO in cmdBotoesParte2 is invalid.
Line 879: The property name MCOL in cmdBotoesParte2 is invalid.
Line 880: The property name MPTR in cmdBotoesParte2 is invalid.
Line 881: The property name MICON in cmdBotoesParte2 is invalid.
Line 882: The property name PICN in cmdBotoesParte2 is invalid.
Line 883: The property name UMCOL in cmdBotoesParte2 is invalid.
Line 884: The property name SOFT in cmdBotoesParte2 is invalid.
Line 885: The property name PICPOS in cmdBotoesParte2 is invalid.
Line 886: The property name NGREY in cmdBotoesParte2 is invalid.
Line 887: The property name FX in cmdBotoesParte2 is invalid.
Line 888: The property name HAND in cmdBotoesParte2 is invalid.
Line 889: The property name CHECK in cmdBotoesParte2 is invalid.
Line 890: The property name VALUE in cmdBotoesParte2 is invalid.
