Line 46: Class Balcao2010.chameleonButton of control chbEstorno was not a loaded control class.
Line 896: Class Balcao2010.chameleonButton of control chbOK was not a loaded control class.
Line 1094: Class Balcao2010.chameleonButton of control chbTroco was not a loaded control class.
Line 1127: Class Balcao2010.chameleonButton of control chbValorFalta was not a loaded control class.
Line 1157: Class Balcao2010.chameleonButton of control chbValorPago was not a loaded control class.
Line 1187: Class Balcao2010.chameleonButton of control chbValoraPagar was not a loaded control class.
Line 1217: Class Balcao2010.chameleonButton of control chbSair was not a loaded control class.
Line 1249: Class Balcao2010.chameleonButton of control chbteste1 was not a loaded control class.
Line 52: The property name _extentx in chbEstorno is invalid.
Line 53: The property name _extenty in chbEstorno is invalid.
Line 54: The property name btype in chbEstorno is invalid.
Line 55: The property name tx in chbEstorno is invalid.
Line 56: The property name enab in chbEstorno is invalid.
Line 58: The property name coltype in chbEstorno is invalid.
Line 59: The property name focusr in chbEstorno is invalid.
Line 60: The property name bcol in chbEstorno is invalid.
Line 61: The property name bcolo in chbEstorno is invalid.
Line 62: The property name fcol in chbEstorno is invalid.
Line 63: The property name fcolo in chbEstorno is invalid.
Line 64: The property name mcol in chbEstorno is invalid.
Line 65: The property name mptr in chbEstorno is invalid.
Line 66: The property name micon in chbEstorno is invalid.
Line 67: The property name picn in chbEstorno is invalid.
Line 68: The property name pich in chbEstorno is invalid.
Line 69: The property name umcol in chbEstorno is invalid.
Line 70: The property name soft in chbEstorno is invalid.
Line 71: The property name picpos in chbEstorno is invalid.
Line 72: The property name ngrey in chbEstorno is invalid.
Line 73: The property name fx in chbEstorno is invalid.
Line 74: The property name hand in chbEstorno is invalid.
Line 75: The property name check in chbEstorno is invalid.
Line 76: The property name value in chbEstorno is invalid.
Line 46: Property Font in chbEstorno could not be set.
Line 903: The property name _extentx in chbOK is invalid.
Line 904: The property name _extenty in chbOK is invalid.
Line 905: The property name btype in chbOK is invalid.
Line 906: The property name tx in chbOK is invalid.
Line 907: The property name enab in chbOK is invalid.
Line 909: The property name coltype in chbOK is invalid.
Line 910: The property name focusr in chbOK is invalid.
Line 911: The property name bcol in chbOK is invalid.
Line 912: The property name bcolo in chbOK is invalid.
Line 913: The property name fcol in chbOK is invalid.
Line 914: The property name fcolo in chbOK is invalid.
Line 915: The property name mcol in chbOK is invalid.
Line 916: The property name mptr in chbOK is invalid.
Line 917: The property name micon in chbOK is invalid.
Line 918: The property name picn in chbOK is invalid.
Line 919: The property name pich in chbOK is invalid.
Line 920: The property name umcol in chbOK is invalid.
Line 921: The property name soft in chbOK is invalid.
Line 922: The property name picpos in chbOK is invalid.
Line 923: The property name ngrey in chbOK is invalid.
Line 924: The property name fx in chbOK is invalid.
Line 925: The property name hand in chbOK is invalid.
Line 926: The property name check in chbOK is invalid.
Line 927: The property name value in chbOK is invalid.
Line 896: Property Font in chbOK could not be set.
Line 1101: The property name _extentx in chbTroco is invalid.
Line 1102: The property name _extenty in chbTroco is invalid.
Line 1103: The property name btype in chbTroco is invalid.
Line 1104: The property name tx in chbTroco is invalid.
Line 1105: The property name enab in chbTroco is invalid.
Line 1107: The property name coltype in chbTroco is invalid.
Line 1108: The property name focusr in chbTroco is invalid.
Line 1109: The property name bcol in chbTroco is invalid.
Line 1110: The property name bcolo in chbTroco is invalid.
Line 1111: The property name fcol in chbTroco is invalid.
Line 1112: The property name fcolo in chbTroco is invalid.
Line 1113: The property name mcol in chbTroco is invalid.
Line 1114: The property name mptr in chbTroco is invalid.
Line 1115: The property name micon in chbTroco is invalid.
Line 1116: The property name picn in chbTroco is invalid.
Line 1117: The property name pich in chbTroco is invalid.
Line 1118: The property name umcol in chbTroco is invalid.
Line 1119: The property name soft in chbTroco is invalid.
Line 1120: The property name picpos in chbTroco is invalid.
Line 1121: The property name ngrey in chbTroco is invalid.
Line 1122: The property name fx in chbTroco is invalid.
Line 1123: The property name hand in chbTroco is invalid.
Line 1124: The property name check in chbTroco is invalid.
Line 1125: The property name value in chbTroco is invalid.
Line 1094: Property Font in chbTroco could not be set.
Line 1133: The property name _extentx in chbValorFalta is invalid.
Line 1134: The property name _extenty in chbValorFalta is invalid.
Line 1135: The property name btype in chbValorFalta is invalid.
Line 1136: The property name tx in chbValorFalta is invalid.
Line 1137: The property name enab in chbValorFalta is invalid.
Line 1139: The property name coltype in chbValorFalta is invalid.
Line 1140: The property name focusr in chbValorFalta is invalid.
Line 1141: The property name bcol in chbValorFalta is invalid.
Line 1142: The property name bcolo in chbValorFalta is invalid.
Line 1143: The property name fcol in chbValorFalta is invalid.
Line 1144: The property name fcolo in chbValorFalta is invalid.
Line 1145: The property name mcol in chbValorFalta is invalid.
Line 1146: The property name mptr in chbValorFalta is invalid.
Line 1147: The property name micon in chbValorFalta is invalid.
Line 1148: The property name umcol in chbValorFalta is invalid.
Line 1149: The property name soft in chbValorFalta is invalid.
Line 1150: The property name picpos in chbValorFalta is invalid.
Line 1151: The property name ngrey in chbValorFalta is invalid.
Line 1152: The property name fx in chbValorFalta is invalid.
Line 1153: The property name hand in chbValorFalta is invalid.
Line 1154: The property name check in chbValorFalta is invalid.
Line 1155: The property name value in chbValorFalta is invalid.
Line 1127: Property Font in chbValorFalta could not be set.
Line 1163: The property name _extentx in chbValorPago is invalid.
Line 1164: The property name _extenty in chbValorPago is invalid.
Line 1165: The property name btype in chbValorPago is invalid.
Line 1166: The property name tx in chbValorPago is invalid.
Line 1167: The property name enab in chbValorPago is invalid.
Line 1169: The property name coltype in chbValorPago is invalid.
Line 1170: The property name focusr in chbValorPago is invalid.
Line 1171: The property name bcol in chbValorPago is invalid.
Line 1172: The property name bcolo in chbValorPago is invalid.
Line 1173: The property name fcol in chbValorPago is invalid.
Line 1174: The property name fcolo in chbValorPago is invalid.
Line 1175: The property name mcol in chbValorPago is invalid.
Line 1176: The property name mptr in chbValorPago is invalid.
Line 1177: The property name micon in chbValorPago is invalid.
Line 1178: The property name umcol in chbValorPago is invalid.
Line 1179: The property name soft in chbValorPago is invalid.
Line 1180: The property name picpos in chbValorPago is invalid.
Line 1181: The property name ngrey in chbValorPago is invalid.
Line 1182: The property name fx in chbValorPago is invalid.
Line 1183: The property name hand in chbValorPago is invalid.
Line 1184: The property name check in chbValorPago is invalid.
Line 1185: The property name value in chbValorPago is invalid.
Line 1157: Property Font in chbValorPago could not be set.
Line 1193: The property name _extentx in chbValoraPagar is invalid.
Line 1194: The property name _extenty in chbValoraPagar is invalid.
Line 1195: The property name btype in chbValoraPagar is invalid.
Line 1196: The property name tx in chbValoraPagar is invalid.
Line 1197: The property name enab in chbValoraPagar is invalid.
Line 1199: The property name coltype in chbValoraPagar is invalid.
Line 1200: The property name focusr in chbValoraPagar is invalid.
Line 1201: The property name bcol in chbValoraPagar is invalid.
Line 1202: The property name bcolo in chbValoraPagar is invalid.
Line 1203: The property name fcol in chbValoraPagar is invalid.
Line 1204: The property name fcolo in chbValoraPagar is invalid.
Line 1205: The property name mcol in chbValoraPagar is invalid.
Line 1206: The property name mptr in chbValoraPagar is invalid.
Line 1207: The property name micon in chbValoraPagar is invalid.
Line 1208: The property name umcol in chbValoraPagar is invalid.
Line 1209: The property name soft in chbValoraPagar is invalid.
Line 1210: The property name picpos in chbValoraPagar is invalid.
Line 1211: The property name ngrey in chbValoraPagar is invalid.
Line 1212: The property name fx in chbValoraPagar is invalid.
Line 1213: The property name hand in chbValoraPagar is invalid.
Line 1214: The property name check in chbValoraPagar is invalid.
Line 1215: The property name value in chbValoraPagar is invalid.
Line 1187: Property Font in chbValoraPagar could not be set.
Line 1223: The property name _extentx in chbSair is invalid.
Line 1224: The property name _extenty in chbSair is invalid.
Line 1225: The property name btype in chbSair is invalid.
Line 1226: The property name tx in chbSair is invalid.
Line 1227: The property name enab in chbSair is invalid.
Line 1229: The property name coltype in chbSair is invalid.
Line 1230: The property name focusr in chbSair is invalid.
Line 1231: The property name bcol in chbSair is invalid.
Line 1232: The property name bcolo in chbSair is invalid.
Line 1233: The property name fcol in chbSair is invalid.
Line 1234: The property name fcolo in chbSair is invalid.
Line 1235: The property name mcol in chbSair is invalid.
Line 1236: The property name mptr in chbSair is invalid.
Line 1237: The property name micon in chbSair is invalid.
Line 1238: The property name picn in chbSair is invalid.
Line 1239: The property name pich in chbSair is invalid.
Line 1240: The property name umcol in chbSair is invalid.
Line 1241: The property name soft in chbSair is invalid.
Line 1242: The property name picpos in chbSair is invalid.
Line 1243: The property name ngrey in chbSair is invalid.
Line 1244: The property name fx in chbSair is invalid.
Line 1245: The property name hand in chbSair is invalid.
Line 1246: The property name check in chbSair is invalid.
Line 1247: The property name value in chbSair is invalid.
Line 1217: Property Font in chbSair could not be set.
Line 1256: The property name _extentx in chbteste1 is invalid.
Line 1257: The property name _extenty in chbteste1 is invalid.
Line 1258: The property name btype in chbteste1 is invalid.
Line 1259: The property name tx in chbteste1 is invalid.
Line 1260: The property name enab in chbteste1 is invalid.
Line 1262: The property name coltype in chbteste1 is invalid.
Line 1263: The property name focusr in chbteste1 is invalid.
Line 1264: The property name bcol in chbteste1 is invalid.
Line 1265: The property name bcolo in chbteste1 is invalid.
Line 1266: The property name fcol in chbteste1 is invalid.
Line 1267: The property name fcolo in chbteste1 is invalid.
Line 1268: The property name mcol in chbteste1 is invalid.
Line 1269: The property name mptr in chbteste1 is invalid.
Line 1270: The property name micon in chbteste1 is invalid.
Line 1271: The property name umcol in chbteste1 is invalid.
Line 1272: The property name soft in chbteste1 is invalid.
Line 1273: The property name picpos in chbteste1 is invalid.
Line 1274: The property name ngrey in chbteste1 is invalid.
Line 1275: The property name fx in chbteste1 is invalid.
Line 1276: The property name hand in chbteste1 is invalid.
Line 1277: The property name check in chbteste1 is invalid.
Line 1278: The property name value in chbteste1 is invalid.
Line 1249: Property Font in chbteste1 could not be set.
