Line 59: Class DmacADMLoja.chameleonButton of control cmdDesabilitarContingencia was not a loaded control class.
Line 66: The property name _ExtentX in cmdDesabilitarContingencia is invalid.
Line 67: The property name _ExtentY in cmdDesabilitarContingencia is invalid.
Line 68: The property name BTYPE in cmdDesabilitarContingencia is invalid.
Line 69: The property name TX in cmdDesabilitarContingencia is invalid.
Line 70: The property name ENAB in cmdDesabilitarContingencia is invalid.
Line 80: The property name COLTYPE in cmdDesabilitarContingencia is invalid.
Line 81: The property name FOCUSR in cmdDesabilitarContingencia is invalid.
Line 82: The property name BCOL in cmdDesabilitarContingencia is invalid.
Line 83: The property name BCOLO in cmdDesabilitarContingencia is invalid.
Line 84: The property name FCOL in cmdDesabilitarContingencia is invalid.
Line 85: The property name FCOLO in cmdDesabilitarContingencia is invalid.
Line 86: The property name MCOL in cmdDesabilitarContingencia is invalid.
Line 87: The property name MPTR in cmdDesabilitarContingencia is invalid.
Line 88: The property name MICON in cmdDesabilitarContingencia is invalid.
Line 89: The property name UMCOL in cmdDesabilitarContingencia is invalid.
Line 90: The property name SOFT in cmdDesabilitarContingencia is invalid.
Line 91: The property name PICPOS in cmdDesabilitarContingencia is invalid.
Line 92: The property name NGREY in cmdDesabilitarContingencia is invalid.
Line 93: The property name FX in cmdDesabilitarContingencia is invalid.
Line 94: The property name HAND in cmdDesabilitarContingencia is invalid.
Line 95: The property name CHECK in cmdDesabilitarContingencia is invalid.
Line 96: The property name VALUE in cmdDesabilitarContingencia is invalid.
